<?xml version="1.0" encoding="UTF-8"?>
<!-- Generated by org.testng.reporters.JUnitXMLReporter -->
<testsuite hostname="TDBLR-LTP-XX1" ignored="1" name="Surefire test" tests="1" failures="1" timestamp="06 Jan 2020 12:04:36 GMT" time="672.743" errors="0">
  <testcase name="schCampaignCreation" time="663.71" classname="executor.CampaignCreationTest">
    <failure type="java.lang.NullPointerException">
      <![CDATA[java.lang.NullPointerException
at executor.CampaignCreationTest.schCampaignCreation(CampaignCreationTest.java:70)
... Removed 30 stack frames]]>
    </failure>
  </testcase> <!-- schCampaignCreation -->
  <testcase name="instCampaignCreation" time="0.0" classname="executor.CampaignCreationTest">
    <ignored/>
  </testcase> <!-- instCampaignCreation -->
</testsuite> <!-- Surefire test -->
