<?xml version="1.0" encoding="UTF-8"?>
<!-- Generated by org.testng.reporters.JUnitXMLReporter -->
<testsuite hostname="TDBLR-LTP-XX1" ignored="9" name="Test" tests="6" failures="4" timestamp="08 Jan 2020 11:46:46 GMT" time="119.658" errors="0">
  <testcase name="loginUsr" time="1.856" classname="executor.VerifyAdminLoginTest"/>
  <testcase name="logout" time="1.082" classname="executor.VerifyAdminLoginTest"/>
  <testcase name="adminHomePage" time="0.002" classname="executor.VerifyAdminHomePageTest">
    <failure type="java.lang.NoClassDefFoundError" message="executor/LoginToUserAccountTest">
      <![CDATA[java.lang.NoClassDefFoundError: executor/LoginToUserAccountTest
at executor.VerifyAdminHomePageTest.adminHomePage(VerifyAdminHomePageTest.java:15)
Caused by: java.lang.ClassNotFoundException: executor.LoginToUserAccountTest
at java.net.URLClassLoader.findClass(URLClassLoader.java:382)
at java.lang.ClassLoader.loadClass(ClassLoader.java:424)
at sun.misc.Launcher$AppClassLoader.loadClass(Launcher.java:349)
at java.lang.ClassLoader.loadClass(ClassLoader.java:357)
... 26 more
... Removed 25 stack frames]]>
    </failure>
  </testcase> <!-- adminHomePage -->
  <testcase name="tabsVerify" time="0.002" classname="executor.TabsVerificationTest">
    <failure type="java.lang.NoClassDefFoundError" message="executor/LoginToUserAccountTest">
      <![CDATA[java.lang.NoClassDefFoundError: executor/LoginToUserAccountTest
at executor.TabsVerificationTest.tabsVerify(TabsVerificationTest.java:15)
Caused by: java.lang.ClassNotFoundException: executor.LoginToUserAccountTest
at java.net.URLClassLoader.findClass(URLClassLoader.java:382)
at java.lang.ClassLoader.loadClass(ClassLoader.java:424)
at sun.misc.Launcher$AppClassLoader.loadClass(Launcher.java:349)
at java.lang.ClassLoader.loadClass(ClassLoader.java:357)
... 26 more
... Removed 25 stack frames]]>
    </failure>
  </testcase> <!-- tabsVerify -->
  <testcase name="bcastUserCreation" time="0.002" classname="executor.BcastUserCreationTest">
    <failure type="java.lang.NoClassDefFoundError" message="executor/LoginToUserAccountTest">
      <![CDATA[java.lang.NoClassDefFoundError: executor/LoginToUserAccountTest
at executor.BcastUserCreationTest.bcastUserCreation(BcastUserCreationTest.java:19)
Caused by: java.lang.ClassNotFoundException: executor.LoginToUserAccountTest
at java.net.URLClassLoader.findClass(URLClassLoader.java:382)
at java.lang.ClassLoader.loadClass(ClassLoader.java:424)
at sun.misc.Launcher$AppClassLoader.loadClass(Launcher.java:349)
at java.lang.ClassLoader.loadClass(ClassLoader.java:357)
... 26 more
... Removed 25 stack frames]]>
    </failure>
  </testcase> <!-- bcastUserCreation -->
  <testcase name="instCampaignCreation" time="108.354" classname="executor.CampaignCreationTest">
    <failure type="org.openqa.selenium.NoSuchWindowException" message="no such window: target window already closed
from unknown error: web view not found
  (Session info: chrome=79.0.3945.88)
Build info: version: &amp;apos;3.141.59&amp;apos;, revision: &amp;apos;e82be7d358&amp;apos;, time: &amp;apos;2018-11-14T08:17:03&amp;apos;
System info: host: &amp;apos;TDBLR-LTP-XX1&amp;apos;, ip: &amp;apos;169.254.121.22&amp;apos;, os.name: &amp;apos;Windows 10&amp;apos;, os.arch: &amp;apos;amd64&amp;apos;, os.version: &amp;apos;10.0&amp;apos;, java.version: &amp;apos;1.8.0_211&amp;apos;
Driver info: org.openqa.selenium.chrome.ChromeDriver
Capabilities {acceptInsecureCerts: false, browserName: chrome, browserVersion: 79.0.3945.88, chrome: {chromedriverVersion: 79.0.3945.36 (3582db32b3389..., userDataDir: C:\Users\santosh\AppData\Lo...}, goog:chromeOptions: {debuggerAddress: localhost:50963}, javascriptEnabled: true, networkConnectionEnabled: false, pageLoadStrategy: normal, platform: WINDOWS, platformName: WINDOWS, proxy: Proxy(), setWindowRect: true, strictFileInteractability: false, timeouts: {implicit: 0, pageLoad: 300000, script: 30000}, unhandledPromptBehavior: dismiss and notify}
Session ID: f4c1f6ca9e41a850be1d60ca1f85b3b2
*** Element info: {Using=name, value=username}">
      <![CDATA[org.openqa.selenium.NoSuchWindowException: no such window: target window already closed
from unknown error: web view not found
  (Session info: chrome=79.0.3945.88)
Build info: version: '3.141.59', revision: 'e82be7d358', time: '2018-11-14T08:17:03'
System info: host: 'TDBLR-LTP-XX1', ip: '169.254.121.22', os.name: 'Windows 10', os.arch: 'amd64', os.version: '10.0', java.version: '1.8.0_211'
Driver info: org.openqa.selenium.chrome.ChromeDriver
Capabilities {acceptInsecureCerts: false, browserName: chrome, browserVersion: 79.0.3945.88, chrome: {chromedriverVersion: 79.0.3945.36 (3582db32b3389..., userDataDir: C:\Users\santosh\AppData\Lo...}, goog:chromeOptions: {debuggerAddress: localhost:50963}, javascriptEnabled: true, networkConnectionEnabled: false, pageLoadStrategy: normal, platform: WINDOWS, platformName: WINDOWS, proxy: Proxy(), setWindowRect: true, strictFileInteractability: false, timeouts: {implicit: 0, pageLoad: 300000, script: 30000}, unhandledPromptBehavior: dismiss and notify}
Session ID: f4c1f6ca9e41a850be1d60ca1f85b3b2
*** Element info: {Using=name, value=username}
at org.openqa.selenium.remote.http.W3CHttpResponseCodec.createException(W3CHttpResponseCodec.java:187)
at org.openqa.selenium.remote.http.W3CHttpResponseCodec.decode(W3CHttpResponseCodec.java:122)
at org.openqa.selenium.remote.http.W3CHttpResponseCodec.decode(W3CHttpResponseCodec.java:49)
at org.openqa.selenium.remote.HttpCommandExecutor.execute(HttpCommandExecutor.java:158)
at org.openqa.selenium.remote.service.DriverCommandExecutor.execute(DriverCommandExecutor.java:83)
at org.openqa.selenium.remote.RemoteWebDriver.execute(RemoteWebDriver.java:552)
at org.openqa.selenium.remote.RemoteWebDriver.findElement(RemoteWebDriver.java:323)
at org.openqa.selenium.remote.RemoteWebDriver.findElementByName(RemoteWebDriver.java:404)
at org.openqa.selenium.By$ByName.findElement(By.java:284)
at org.openqa.selenium.remote.RemoteWebDriver.findElement(RemoteWebDriver.java:315)
at org.openqa.selenium.support.pagefactory.DefaultElementLocator.findElement(DefaultElementLocator.java:69)
at org.openqa.selenium.support.pagefactory.internal.LocatingElementHandler.invoke(LocatingElementHandler.java:38)
at com.sun.proxy.$Proxy9.sendKeys(Unknown Source)
at executor.CampaignCreationTest.instCampaignCreation(CampaignCreationTest.java:28)
... Removed 29 stack frames]]>
    </failure>
  </testcase> <!-- instCampaignCreation -->
  <testcase name="@BeforeTest reports" time="0.0" classname="utils.GlobalConfig">
    <ignored/>
  </testcase> <!-- @BeforeTest reports -->
  <testcase name="@BeforeTest reports" time="0.0" classname="utils.GlobalConfig">
    <ignored/>
  </testcase> <!-- @BeforeTest reports -->
  <testcase name="@BeforeTest reports" time="0.0" classname="utils.GlobalConfig">
    <ignored/>
  </testcase> <!-- @BeforeTest reports -->
  <testcase name="@BeforeTest reports" time="0.0" classname="utils.GlobalConfig">
    <ignored/>
  </testcase> <!-- @BeforeTest reports -->
  <testcase name="@AfterTest closeBrowser" time="0.0" classname="utils.GlobalConfig">
    <ignored/>
  </testcase> <!-- @AfterTest closeBrowser -->
  <testcase name="@AfterTest closeBrowser" time="0.0" classname="utils.GlobalConfig">
    <ignored/>
  </testcase> <!-- @AfterTest closeBrowser -->
  <testcase name="@AfterTest closeBrowser" time="0.0" classname="utils.GlobalConfig">
    <ignored/>
  </testcase> <!-- @AfterTest closeBrowser -->
  <testcase name="@AfterTest closeBrowser" time="0.0" classname="utils.GlobalConfig">
    <ignored/>
  </testcase> <!-- @AfterTest closeBrowser -->
  <testcase name="schCampaignCreation" time="0.0" classname="executor.CampaignCreationTest">
    <ignored/>
  </testcase> <!-- schCampaignCreation -->
</testsuite> <!-- Test -->
